[2025-03-21 11:35:56,859][fed_main.py][line:43][INFO] Iteration=100
[2025-03-21 11:35:56,859][fed_main.py][line:43][INFO] Iteration_g=20
[2025-03-21 11:35:56,859][fed_main.py][line:43][INFO] avg_w=False
[2025-03-21 11:35:56,859][fed_main.py][line:43][INFO] batch_real=256
[2025-03-21 11:35:56,859][fed_main.py][line:43][INFO] batch_syn=None
[2025-03-21 11:35:56,859][fed_main.py][line:43][INFO] batch_test=128
[2025-03-21 11:35:56,859][fed_main.py][line:43][INFO] batch_train=256
[2025-03-21 11:35:56,879][fed_main.py][line:43][INFO] beta=0.5
[2025-03-21 11:35:56,879][fed_main.py][line:43][INFO] bias=0.1
[2025-03-21 11:35:56,879][fed_main.py][line:43][INFO] buffer_path=./buffers
[2025-03-21 11:35:56,879][fed_main.py][line:43][INFO] client_method=DM
[2025-03-21 11:35:56,879][fed_main.py][line:43][INFO] data_path=./data
[2025-03-21 11:35:56,879][fed_main.py][line:43][INFO] dataset=CIFAR10
[2025-03-21 11:35:56,879][fed_main.py][line:43][INFO] depth=5
[2025-03-21 11:35:56,879][fed_main.py][line:43][INFO] dis_metric=ours
[2025-03-21 11:35:56,879][fed_main.py][line:43][INFO] dsa=True
[2025-03-21 11:35:56,879][fed_main.py][line:43][INFO] dsa_strategy=color_crop_cutout_flip_scale_rotate
[2025-03-21 11:35:56,879][fed_main.py][line:43][INFO] epoch_eval_train=1000
[2025-03-21 11:35:56,879][fed_main.py][line:43][INFO] eval_all=False
[2025-03-21 11:35:56,879][fed_main.py][line:43][INFO] eval_it=100
[2025-03-21 11:35:56,879][fed_main.py][line:43][INFO] eval_mode=CIFAR
[2025-03-21 11:35:56,879][fed_main.py][line:43][INFO] expert_epochs=3
[2025-03-21 11:35:56,879][fed_main.py][line:43][INFO] fedDM=False
[2025-03-21 11:35:56,879][fed_main.py][line:43][INFO] force_save=False
[2025-03-21 11:35:56,882][fed_main.py][line:43][INFO] frac=1.0
[2025-03-21 11:35:56,882][fed_main.py][line:43][INFO] gpu=0
[2025-03-21 11:35:56,882][fed_main.py][line:43][INFO] idc_factor=1
[2025-03-21 11:35:56,882][fed_main.py][line:43][INFO] inner_loop=1000
[2025-03-21 11:35:56,882][fed_main.py][line:43][INFO] ipc=10
[2025-03-21 11:35:56,882][fed_main.py][line:43][INFO] layer=5
[2025-03-21 11:35:56,882][fed_main.py][line:43][INFO] learn_g=False
[2025-03-21 11:35:56,882][fed_main.py][line:43][INFO] learn_g_after=0
[2025-03-21 11:35:56,882][fed_main.py][line:43][INFO] learn_model=False
[2025-03-21 11:35:56,882][fed_main.py][line:43][INFO] load_all=False
[2025-03-21 11:35:56,882][fed_main.py][line:43][INFO] local_rank=0
[2025-03-21 11:35:56,882][fed_main.py][line:43][INFO] logdir=./logged_files
[2025-03-21 11:35:56,882][fed_main.py][line:43][INFO] lr_g=0.001
[2025-03-21 11:35:56,882][fed_main.py][line:43][INFO] lr_img=1000
[2025-03-21 11:35:56,882][fed_main.py][line:43][INFO] lr_lr=1e-05
[2025-03-21 11:35:56,884][fed_main.py][line:43][INFO] lr_net=0.01
[2025-03-21 11:35:56,884][fed_main.py][line:43][INFO] lr_teacher=0.01
[2025-03-21 11:35:56,884][fed_main.py][line:43][INFO] lr_w=1
[2025-03-21 11:35:56,884][fed_main.py][line:43][INFO] max_experts=None
[2025-03-21 11:35:56,884][fed_main.py][line:43][INFO] max_files=None
[2025-03-21 11:35:56,884][fed_main.py][line:43][INFO] max_start_epoch=5
[2025-03-21 11:35:56,884][fed_main.py][line:43][INFO] min_it=False
[2025-03-21 11:35:56,884][fed_main.py][line:43][INFO] model=ConvNet
[2025-03-21 11:35:56,884][fed_main.py][line:43][INFO] mom_img=0.5
[2025-03-21 11:35:56,884][fed_main.py][line:43][INFO] no_aug=False
[2025-03-21 11:35:56,884][fed_main.py][line:43][INFO] not_save_file=False
[2025-03-21 11:35:56,884][fed_main.py][line:43][INFO] num_eval=3
[2025-03-21 11:35:56,884][fed_main.py][line:43][INFO] nworkers=10
[2025-03-21 11:35:56,884][fed_main.py][line:43][INFO] outer_loop=1
[2025-03-21 11:35:56,884][fed_main.py][line:43][INFO] pix_init=noise
[2025-03-21 11:35:56,884][fed_main.py][line:43][INFO] rand_f=False
[2025-03-21 11:35:56,884][fed_main.py][line:43][INFO] rand_gan_con=False
[2025-03-21 11:35:56,884][fed_main.py][line:43][INFO] rand_gan_un=False
[2025-03-21 11:35:56,884][fed_main.py][line:43][INFO] recover=False
[2025-03-21 11:35:56,884][fed_main.py][line:43][INFO] recover_round=5
[2025-03-21 11:35:56,884][fed_main.py][line:43][INFO] reg=1e-05
[2025-03-21 11:35:56,886][fed_main.py][line:43][INFO] res=128
[2025-03-21 11:35:56,886][fed_main.py][line:43][INFO] round=20
[2025-03-21 11:35:56,886][fed_main.py][line:43][INFO] save_all=False
[2025-03-21 11:35:56,887][fed_main.py][line:43][INFO] save_it=None
[2025-03-21 11:35:56,887][fed_main.py][line:43][INFO] save_path=result
[2025-03-21 11:35:56,887][fed_main.py][line:43][INFO] saved_model_dir=./logged_files
[2025-03-21 11:35:56,887][fed_main.py][line:43][INFO] sg_batch=10
[2025-03-21 11:35:56,887][fed_main.py][line:43][INFO] space=wp
[2025-03-21 11:35:56,887][fed_main.py][line:43][INFO] special_gan=None
[2025-03-21 11:35:56,888][fed_main.py][line:43][INFO] syn_steps=20
[2025-03-21 11:35:56,888][fed_main.py][line:43][INFO] update_g_interval=1
[2025-03-21 11:35:56,888][fed_main.py][line:43][INFO] wait_eval=False
[2025-03-21 11:35:56,888][fed_main.py][line:43][INFO] width=128
[2025-03-21 11:35:56,888][fed_main.py][line:45][INFO] fed_main.py --dataset=CIFAR10 --space=wp --layer=5 --data_path=./data --eval_mode CIFAR --beta 0.5 --batch_real 256 --batch_train 256 --batch_test 128 --ipc=10 --nworkers 10 --round 20 --Iteration 100 --Iteration_g 20
[2025-03-21 11:35:56,935][distributed_c10d.py][line:217][INFO] Added key: store_based_barrier_key:1 to store for rank: 0
[2025-03-21 11:35:56,936][distributed_c10d.py][line:251][INFO] Rank 0: Completed store-based barrier for key:store_based_barrier_key:1 with 1 nodes.
[2025-03-21 11:36:15,093][clients.py][line:25][INFO] 0  9 [0 1 3 4 5 6 7 8 9]
[2025-03-21 11:36:15,096][clients.py][line:25][INFO] 1  9 [0 1 2 3 4 5 6 7 9]
[2025-03-21 11:36:15,108][clients.py][line:25][INFO] 2  8 [0 1 2 4 6 7 8 9]
[2025-03-21 11:36:15,115][clients.py][line:25][INFO] 3  10 [0 1 2 3 4 5 6 7 8 9]
[2025-03-21 11:36:15,122][clients.py][line:25][INFO] 4  9 [0 1 2 3 4 5 7 8 9]
[2025-03-21 11:36:15,130][clients.py][line:25][INFO] 5  9 [0 1 2 3 5 6 7 8 9]
[2025-03-21 11:36:15,137][clients.py][line:25][INFO] 6  7 [0 1 2 3 4 5 6]
[2025-03-21 11:36:15,144][clients.py][line:25][INFO] 7  10 [0 1 2 3 4 5 6 7 8 9]
[2025-03-21 11:36:15,152][clients.py][line:25][INFO] 8  8 [1 2 3 4 5 6 7 8]
[2025-03-21 11:36:15,161][clients.py][line:25][INFO] 9  8 [0 1 2 3 5 6 7 8]
[2025-03-21 11:36:17,491][fed_main.py][line:192][INFO] ================================================== Round: 0 ==================================================
[2025-03-21 11:36:17,494][fed_main.py][line:198][INFO] 
Choosing users 0 3 9 4 6 7 2 5 1 8
[2025-03-21 11:36:20,873][distributed.py][line:874][INFO] Reducer buckets have been rebuilt in this iteration.
[2025-03-21 11:36:31,601][distributed.py][line:874][INFO] Reducer buckets have been rebuilt in this iteration.
[2025-03-21 11:36:46,535][distributed.py][line:874][INFO] Reducer buckets have been rebuilt in this iteration.
[2025-03-21 11:37:02,969][distributed.py][line:874][INFO] Reducer buckets have been rebuilt in this iteration.
[2025-03-21 11:37:12,005][distributed.py][line:874][INFO] Reducer buckets have been rebuilt in this iteration.
[2025-03-21 11:37:27,043][distributed.py][line:874][INFO] Reducer buckets have been rebuilt in this iteration.
[2025-03-21 11:37:41,096][distributed.py][line:874][INFO] Reducer buckets have been rebuilt in this iteration.
[2025-03-21 11:37:52,457][distributed.py][line:874][INFO] Reducer buckets have been rebuilt in this iteration.
[2025-03-21 11:38:05,795][distributed.py][line:874][INFO] Reducer buckets have been rebuilt in this iteration.
[2025-03-21 11:38:22,706][distributed.py][line:874][INFO] Reducer buckets have been rebuilt in this iteration.
[2025-03-21 11:38:37,318][fed_main.py][line:214][INFO] fed_main.py --dataset=CIFAR10 --space=wp --layer=5 --data_path=./data --eval_mode CIFAR --beta 0.5 --batch_real 256 --batch_train 256 --batch_test 128 --ipc=10 --nworkers 10 --round 20 --Iteration 100 --Iteration_g 20
[2025-03-21 11:38:37,319][fed_main.py][line:216][INFO] 
Choosing users 0 3 9 4 6 7 2 5 1 8
[2025-03-21 11:38:37,319][fed_main.py][line:217][INFO] ================================================== Client: 0 ==================================================
[2025-03-21 11:38:50,397][server_update.py][line:246][INFO] [2025-03-21 11:38:50] iter = 0000, loss = 1.0240
[2025-03-21 11:42:21,696][server_update.py][line:246][INFO] [2025-03-21 11:42:21] iter = 0010, loss = 1.0196
[2025-03-21 11:45:20,674][server_update.py][line:246][INFO] [2025-03-21 11:45:20] iter = 0020, loss = 1.0163
[2025-03-21 11:48:05,279][server_update.py][line:246][INFO] [2025-03-21 11:48:05] iter = 0030, loss = 1.0151
[2025-03-21 11:50:52,656][server_update.py][line:246][INFO] [2025-03-21 11:50:52] iter = 0040, loss = 1.0111
[2025-03-21 11:53:39,794][server_update.py][line:246][INFO] [2025-03-21 11:53:39] iter = 0050, loss = 1.0082
[2025-03-21 11:56:24,712][server_update.py][line:246][INFO] [2025-03-21 11:56:24] iter = 0060, loss = 1.0075
[2025-03-21 11:59:09,954][server_update.py][line:246][INFO] [2025-03-21 11:59:09] iter = 0070, loss = 1.0066
[2025-03-21 12:01:57,106][server_update.py][line:246][INFO] [2025-03-21 12:01:56] iter = 0080, loss = 1.0052
[2025-03-21 12:04:45,527][server_update.py][line:246][INFO] [2025-03-21 12:04:45] iter = 0090, loss = 1.0037
[2025-03-21 12:07:38,054][server_update.py][line:246][INFO] [2025-03-21 12:07:37] iter = 0100, loss = 1.0025
[2025-03-21 12:07:38,084][fed_main.py][line:214][INFO] fed_main.py --dataset=CIFAR10 --space=wp --layer=5 --data_path=./data --eval_mode CIFAR --beta 0.5 --batch_real 256 --batch_train 256 --batch_test 128 --ipc=10 --nworkers 10 --round 20 --Iteration 100 --Iteration_g 20
[2025-03-21 12:07:38,085][fed_main.py][line:216][INFO] 
Choosing users 0 3 9 4 6 7 2 5 1 8
[2025-03-21 12:07:38,085][fed_main.py][line:217][INFO] ================================================== Client: 3 ==================================================
[2025-03-21 12:07:44,336][server_update.py][line:246][INFO] [2025-03-21 12:07:44] iter = 0000, loss = 0.9378
[2025-03-21 12:10:53,191][server_update.py][line:246][INFO] [2025-03-21 12:10:53] iter = 0010, loss = 0.9343
[2025-03-21 12:13:42,236][server_update.py][line:246][INFO] [2025-03-21 12:13:42] iter = 0020, loss = 0.9318
[2025-03-21 12:16:32,995][server_update.py][line:246][INFO] [2025-03-21 12:16:32] iter = 0030, loss = 0.9309
[2025-03-21 12:19:26,174][server_update.py][line:246][INFO] [2025-03-21 12:19:26] iter = 0040, loss = 0.9285
[2025-03-21 12:22:49,052][server_update.py][line:246][INFO] [2025-03-21 12:22:48] iter = 0050, loss = 0.9252
[2025-03-21 12:26:16,123][server_update.py][line:246][INFO] [2025-03-21 12:26:16] iter = 0060, loss = 0.9261
[2025-03-21 12:29:47,556][server_update.py][line:246][INFO] [2025-03-21 12:29:47] iter = 0070, loss = 0.9252
[2025-03-21 12:33:12,516][server_update.py][line:246][INFO] [2025-03-21 12:33:12] iter = 0080, loss = 0.9224
[2025-03-21 12:36:36,446][server_update.py][line:246][INFO] [2025-03-21 12:36:36] iter = 0090, loss = 0.9222
[2025-03-21 12:40:06,174][server_update.py][line:246][INFO] [2025-03-21 12:40:06] iter = 0100, loss = 0.9215
[2025-03-21 12:40:06,197][fed_main.py][line:214][INFO] fed_main.py --dataset=CIFAR10 --space=wp --layer=5 --data_path=./data --eval_mode CIFAR --beta 0.5 --batch_real 256 --batch_train 256 --batch_test 128 --ipc=10 --nworkers 10 --round 20 --Iteration 100 --Iteration_g 20
[2025-03-21 12:40:06,197][fed_main.py][line:216][INFO] 
Choosing users 0 3 9 4 6 7 2 5 1 8
[2025-03-21 12:40:06,198][fed_main.py][line:217][INFO] ================================================== Client: 9 ==================================================
[2025-03-21 12:40:12,657][server_update.py][line:246][INFO] [2025-03-21 12:40:12] iter = 0000, loss = 1.0156
[2025-03-21 12:43:35,583][server_update.py][line:246][INFO] [2025-03-21 12:43:35] iter = 0010, loss = 1.0149
[2025-03-21 12:46:57,035][server_update.py][line:246][INFO] [2025-03-21 12:46:56] iter = 0020, loss = 1.0148
[2025-03-21 12:50:17,977][server_update.py][line:246][INFO] [2025-03-21 12:50:17] iter = 0030, loss = 1.0141
[2025-03-21 12:53:39,742][server_update.py][line:246][INFO] [2025-03-21 12:53:39] iter = 0040, loss = 1.0122
[2025-03-21 12:56:59,881][server_update.py][line:246][INFO] [2025-03-21 12:56:59] iter = 0050, loss = 1.0119
[2025-03-21 13:00:21,706][server_update.py][line:246][INFO] [2025-03-21 13:00:21] iter = 0060, loss = 1.0128
[2025-03-21 13:03:44,797][server_update.py][line:246][INFO] [2025-03-21 13:03:44] iter = 0070, loss = 1.0096
[2025-03-21 13:07:08,140][server_update.py][line:246][INFO] [2025-03-21 13:07:08] iter = 0080, loss = 1.0088
[2025-03-21 13:10:29,079][server_update.py][line:246][INFO] [2025-03-21 13:10:28] iter = 0090, loss = 1.0094
[2025-03-21 13:13:54,282][server_update.py][line:246][INFO] [2025-03-21 13:13:54] iter = 0100, loss = 1.0073
[2025-03-21 13:13:54,304][fed_main.py][line:214][INFO] fed_main.py --dataset=CIFAR10 --space=wp --layer=5 --data_path=./data --eval_mode CIFAR --beta 0.5 --batch_real 256 --batch_train 256 --batch_test 128 --ipc=10 --nworkers 10 --round 20 --Iteration 100 --Iteration_g 20
[2025-03-21 13:13:54,305][fed_main.py][line:216][INFO] 
Choosing users 0 3 9 4 6 7 2 5 1 8
[2025-03-21 13:13:54,306][fed_main.py][line:217][INFO] ================================================== Client: 4 ==================================================
[2025-03-21 13:14:00,048][server_update.py][line:246][INFO] [2025-03-21 13:13:59] iter = 0000, loss = 0.9806
[2025-03-21 13:17:26,257][server_update.py][line:246][INFO] [2025-03-21 13:17:26] iter = 0010, loss = 0.9809
[2025-03-21 13:20:51,296][server_update.py][line:246][INFO] [2025-03-21 13:20:51] iter = 0020, loss = 0.9805
[2025-03-21 13:24:12,446][server_update.py][line:246][INFO] [2025-03-21 13:24:12] iter = 0030, loss = 0.9796
[2025-03-21 13:27:32,621][server_update.py][line:246][INFO] [2025-03-21 13:27:32] iter = 0040, loss = 0.9797
[2025-03-21 13:30:53,718][server_update.py][line:246][INFO] [2025-03-21 13:30:53] iter = 0050, loss = 0.9802
[2025-03-21 13:34:15,704][server_update.py][line:246][INFO] [2025-03-21 13:34:15] iter = 0060, loss = 0.9807
[2025-03-21 13:37:45,503][server_update.py][line:246][INFO] [2025-03-21 13:37:45] iter = 0070, loss = 0.9807
