[2025-03-21 11:03:46,458][fed_main.py][line:40][INFO] Iteration=100
[2025-03-21 11:03:46,458][fed_main.py][line:40][INFO] Iteration_g=20
[2025-03-21 11:03:46,458][fed_main.py][line:40][INFO] avg_w=False
[2025-03-21 11:03:46,458][fed_main.py][line:40][INFO] batch_real=256
[2025-03-21 11:03:46,458][fed_main.py][line:40][INFO] batch_syn=None
[2025-03-21 11:03:46,458][fed_main.py][line:40][INFO] batch_test=128
[2025-03-21 11:03:46,458][fed_main.py][line:40][INFO] batch_train=256
[2025-03-21 11:03:46,476][fed_main.py][line:40][INFO] beta=0.5
[2025-03-21 11:03:46,476][fed_main.py][line:40][INFO] bias=0.1
[2025-03-21 11:03:46,476][fed_main.py][line:40][INFO] buffer_path=./buffers
[2025-03-21 11:03:46,476][fed_main.py][line:40][INFO] client_method=DM
[2025-03-21 11:03:46,476][fed_main.py][line:40][INFO] data_path=./data
[2025-03-21 11:03:46,476][fed_main.py][line:40][INFO] dataset=CIFAR10
[2025-03-21 11:03:46,476][fed_main.py][line:40][INFO] depth=5
[2025-03-21 11:03:46,477][fed_main.py][line:40][INFO] dis_metric=ours
[2025-03-21 11:03:46,477][fed_main.py][line:40][INFO] dsa=True
[2025-03-21 11:03:46,477][fed_main.py][line:40][INFO] dsa_strategy=color_crop_cutout_flip_scale_rotate
[2025-03-21 11:03:46,477][fed_main.py][line:40][INFO] epoch_eval_train=1000
[2025-03-21 11:03:46,477][fed_main.py][line:40][INFO] eval_all=False
[2025-03-21 11:03:46,477][fed_main.py][line:40][INFO] eval_it=100
[2025-03-21 11:03:46,477][fed_main.py][line:40][INFO] eval_mode=CIFAR
[2025-03-21 11:03:46,477][fed_main.py][line:40][INFO] expert_epochs=3
[2025-03-21 11:03:46,477][fed_main.py][line:40][INFO] fedDM=False
[2025-03-21 11:03:46,477][fed_main.py][line:40][INFO] force_save=False
[2025-03-21 11:03:46,477][fed_main.py][line:40][INFO] frac=1.0
[2025-03-21 11:03:46,478][fed_main.py][line:40][INFO] gpu=0
[2025-03-21 11:03:46,478][fed_main.py][line:40][INFO] idc_factor=1
[2025-03-21 11:03:46,478][fed_main.py][line:40][INFO] inner_loop=1000
[2025-03-21 11:03:46,478][fed_main.py][line:40][INFO] ipc=10
[2025-03-21 11:03:46,478][fed_main.py][line:40][INFO] layer=5
[2025-03-21 11:03:46,478][fed_main.py][line:40][INFO] learn_g=False
[2025-03-21 11:03:46,478][fed_main.py][line:40][INFO] learn_g_after=0
[2025-03-21 11:03:46,478][fed_main.py][line:40][INFO] learn_model=False
[2025-03-21 11:03:46,478][fed_main.py][line:40][INFO] load_all=False
[2025-03-21 11:03:46,478][fed_main.py][line:40][INFO] local_rank=0
[2025-03-21 11:03:46,479][fed_main.py][line:40][INFO] logdir=./logged_files
[2025-03-21 11:03:46,479][fed_main.py][line:40][INFO] lr_g=0.001
[2025-03-21 11:03:46,479][fed_main.py][line:40][INFO] lr_img=1000
[2025-03-21 11:03:46,479][fed_main.py][line:40][INFO] lr_lr=1e-05
[2025-03-21 11:03:46,479][fed_main.py][line:40][INFO] lr_net=0.01
[2025-03-21 11:03:46,479][fed_main.py][line:40][INFO] lr_teacher=0.01
[2025-03-21 11:03:46,479][fed_main.py][line:40][INFO] lr_w=1
[2025-03-21 11:03:46,479][fed_main.py][line:40][INFO] max_experts=None
[2025-03-21 11:03:46,479][fed_main.py][line:40][INFO] max_files=None
[2025-03-21 11:03:46,479][fed_main.py][line:40][INFO] max_start_epoch=5
[2025-03-21 11:03:46,479][fed_main.py][line:40][INFO] min_it=False
[2025-03-21 11:03:46,479][fed_main.py][line:40][INFO] model=ConvNet
[2025-03-21 11:03:46,479][fed_main.py][line:40][INFO] mom_img=0.5
[2025-03-21 11:03:46,479][fed_main.py][line:40][INFO] no_aug=False
[2025-03-21 11:03:46,479][fed_main.py][line:40][INFO] not_save_file=False
[2025-03-21 11:03:46,479][fed_main.py][line:40][INFO] num_eval=3
[2025-03-21 11:03:46,479][fed_main.py][line:40][INFO] nworkers=10
[2025-03-21 11:03:46,479][fed_main.py][line:40][INFO] outer_loop=1
[2025-03-21 11:03:46,480][fed_main.py][line:40][INFO] pix_init=noise
[2025-03-21 11:03:46,480][fed_main.py][line:40][INFO] rand_f=False
[2025-03-21 11:03:46,480][fed_main.py][line:40][INFO] rand_gan_con=False
[2025-03-21 11:03:46,480][fed_main.py][line:40][INFO] rand_gan_un=False
[2025-03-21 11:03:46,480][fed_main.py][line:40][INFO] recover=False
[2025-03-21 11:03:46,481][fed_main.py][line:40][INFO] recover_round=5
[2025-03-21 11:03:46,481][fed_main.py][line:40][INFO] reg=1e-05
[2025-03-21 11:03:46,482][fed_main.py][line:40][INFO] res=128
[2025-03-21 11:03:46,482][fed_main.py][line:40][INFO] round=20
[2025-03-21 11:03:46,482][fed_main.py][line:40][INFO] save_all=False
[2025-03-21 11:03:46,482][fed_main.py][line:40][INFO] save_it=None
[2025-03-21 11:03:46,482][fed_main.py][line:40][INFO] save_path=result
[2025-03-21 11:03:46,482][fed_main.py][line:40][INFO] saved_model_dir=./logged_files
[2025-03-21 11:03:46,482][fed_main.py][line:40][INFO] sg_batch=10
[2025-03-21 11:03:46,483][fed_main.py][line:40][INFO] space=wp
[2025-03-21 11:03:46,483][fed_main.py][line:40][INFO] special_gan=None
[2025-03-21 11:03:46,483][fed_main.py][line:40][INFO] syn_steps=20
[2025-03-21 11:03:46,483][fed_main.py][line:40][INFO] update_g_interval=1
[2025-03-21 11:03:46,483][fed_main.py][line:40][INFO] wait_eval=False
[2025-03-21 11:03:46,483][fed_main.py][line:40][INFO] width=128
[2025-03-21 11:03:46,483][fed_main.py][line:41][INFO] fed_main.py --dataset=CIFAR10 --space=wp --layer=5 --data_path=./data --eval_mode CIFAR --beta 0.5 --batch_real 256 --batch_train 256 --batch_test 128 --ipc=10 --nworkers 10 --round 20 --Iteration 100 --Iteration_g 20
[2025-03-21 11:03:46,528][distributed_c10d.py][line:217][INFO] Added key: store_based_barrier_key:1 to store for rank: 0
[2025-03-21 11:03:46,528][distributed_c10d.py][line:251][INFO] Rank 0: Completed store-based barrier for key:store_based_barrier_key:1 with 1 nodes.
[2025-03-21 11:04:12,661][clients.py][line:25][INFO] 0  9 [0 1 3 4 5 6 7 8 9]
[2025-03-21 11:04:12,673][clients.py][line:25][INFO] 1  9 [0 1 2 3 4 5 6 7 9]
[2025-03-21 11:04:12,684][clients.py][line:25][INFO] 2  8 [0 1 2 4 6 7 8 9]
[2025-03-21 11:04:12,695][clients.py][line:25][INFO] 3  10 [0 1 2 3 4 5 6 7 8 9]
[2025-03-21 11:04:12,705][clients.py][line:25][INFO] 4  9 [0 1 2 3 4 5 7 8 9]
[2025-03-21 11:04:12,714][clients.py][line:25][INFO] 5  9 [0 1 2 3 5 6 7 8 9]
[2025-03-21 11:04:12,727][clients.py][line:25][INFO] 6  7 [0 1 2 3 4 5 6]
[2025-03-21 11:04:12,735][clients.py][line:25][INFO] 7  10 [0 1 2 3 4 5 6 7 8 9]
[2025-03-21 11:04:12,745][clients.py][line:25][INFO] 8  8 [1 2 3 4 5 6 7 8]
[2025-03-21 11:04:12,755][clients.py][line:25][INFO] 9  8 [0 1 2 3 5 6 7 8]
[2025-03-21 11:04:15,548][fed_main.py][line:163][INFO] ================================================== Round: 0 ==================================================
[2025-03-21 11:04:15,548][fed_main.py][line:169][INFO] 
Choosing users 0 3 9 4 6 7 2 5 1 8
[2025-03-21 11:04:18,601][distributed.py][line:874][INFO] Reducer buckets have been rebuilt in this iteration.
[2025-03-21 11:04:28,908][distributed.py][line:874][INFO] Reducer buckets have been rebuilt in this iteration.
[2025-03-21 11:04:42,838][distributed.py][line:874][INFO] Reducer buckets have been rebuilt in this iteration.
[2025-03-21 11:04:59,464][distributed.py][line:874][INFO] Reducer buckets have been rebuilt in this iteration.
[2025-03-21 11:05:08,411][distributed.py][line:874][INFO] Reducer buckets have been rebuilt in this iteration.
[2025-03-21 11:05:22,345][distributed.py][line:874][INFO] Reducer buckets have been rebuilt in this iteration.
[2025-03-21 11:05:36,570][distributed.py][line:874][INFO] Reducer buckets have been rebuilt in this iteration.
[2025-03-21 11:05:48,259][distributed.py][line:874][INFO] Reducer buckets have been rebuilt in this iteration.
[2025-03-21 11:06:01,951][distributed.py][line:874][INFO] Reducer buckets have been rebuilt in this iteration.
[2025-03-21 11:06:19,138][distributed.py][line:874][INFO] Reducer buckets have been rebuilt in this iteration.
[2025-03-21 11:06:34,634][fed_main.py][line:185][INFO] fed_main.py --dataset=CIFAR10 --space=wp --layer=5 --data_path=./data --eval_mode CIFAR --beta 0.5 --batch_real 256 --batch_train 256 --batch_test 128 --ipc=10 --nworkers 10 --round 20 --Iteration 100 --Iteration_g 20
[2025-03-21 11:06:34,634][fed_main.py][line:187][INFO] 
Choosing users 0 3 9 4 6 7 2 5 1 8
[2025-03-21 11:06:34,634][fed_main.py][line:188][INFO] ================================================== Client: 0 ==================================================
[2025-03-21 11:06:47,525][server_update.py][line:246][INFO] [2025-03-21 11:06:47] iter = 0000, loss = 1.0644
[2025-03-21 11:10:04,120][server_update.py][line:246][INFO] [2025-03-21 11:10:03] iter = 0010, loss = 1.0551
[2025-03-21 11:13:24,388][server_update.py][line:246][INFO] [2025-03-21 11:13:24] iter = 0020, loss = 1.0434
[2025-03-21 11:16:27,111][server_update.py][line:246][INFO] [2025-03-21 11:16:27] iter = 0030, loss = 1.0331
[2025-03-21 11:19:16,770][server_update.py][line:246][INFO] [2025-03-21 11:19:16] iter = 0040, loss = 1.0233
[2025-03-21 11:22:06,994][server_update.py][line:246][INFO] [2025-03-21 11:22:06] iter = 0050, loss = 1.0139
[2025-03-21 11:25:01,316][server_update.py][line:246][INFO] [2025-03-21 11:25:01] iter = 0060, loss = 1.0054
[2025-03-21 11:28:04,237][server_update.py][line:246][INFO] [2025-03-21 11:28:04] iter = 0070, loss = 0.9984
[2025-03-21 11:31:17,186][server_update.py][line:246][INFO] [2025-03-21 11:31:17] iter = 0080, loss = 0.9922
[2025-03-21 11:34:41,819][server_update.py][line:246][INFO] [2025-03-21 11:34:41] iter = 0090, loss = 0.9871
