[2025-03-06 16:48:01,929][fed_main.py][line:40][INFO] Iteration=100
[2025-03-06 16:48:01,929][fed_main.py][line:40][INFO] Iteration_g=20
[2025-03-06 16:48:01,929][fed_main.py][line:40][INFO] avg_w=False
[2025-03-06 16:48:01,931][fed_main.py][line:40][INFO] batch_real=256
[2025-03-06 16:48:01,931][fed_main.py][line:40][INFO] batch_syn=None
[2025-03-06 16:48:01,931][fed_main.py][line:40][INFO] batch_test=128
[2025-03-06 16:48:01,931][fed_main.py][line:40][INFO] batch_train=256
[2025-03-06 16:48:01,932][fed_main.py][line:40][INFO] beta=0.5
[2025-03-06 16:48:01,932][fed_main.py][line:40][INFO] bias=0.1
[2025-03-06 16:48:01,932][fed_main.py][line:40][INFO] buffer_path=./buffers
[2025-03-06 16:48:01,932][fed_main.py][line:40][INFO] client_method=DM
[2025-03-06 16:48:01,932][fed_main.py][line:40][INFO] data_path=./data
[2025-03-06 16:48:01,932][fed_main.py][line:40][INFO] dataset=CIFAR10
[2025-03-06 16:48:01,932][fed_main.py][line:40][INFO] depth=5
[2025-03-06 16:48:01,932][fed_main.py][line:40][INFO] dis_metric=ours
[2025-03-06 16:48:01,932][fed_main.py][line:40][INFO] dsa=True
[2025-03-06 16:48:01,932][fed_main.py][line:40][INFO] dsa_strategy=color_crop_cutout_flip_scale_rotate
[2025-03-06 16:48:01,932][fed_main.py][line:40][INFO] epoch_eval_train=1000
[2025-03-06 16:48:01,932][fed_main.py][line:40][INFO] eval_all=False
[2025-03-06 16:48:01,932][fed_main.py][line:40][INFO] eval_it=100
[2025-03-06 16:48:01,932][fed_main.py][line:40][INFO] eval_mode=CIFAR
[2025-03-06 16:48:01,932][fed_main.py][line:40][INFO] expert_epochs=3
[2025-03-06 16:48:01,932][fed_main.py][line:40][INFO] fedDM=False
[2025-03-06 16:48:01,932][fed_main.py][line:40][INFO] force_save=False
[2025-03-06 16:48:01,932][fed_main.py][line:40][INFO] frac=1.0
[2025-03-06 16:48:01,932][fed_main.py][line:40][INFO] gpu=0
[2025-03-06 16:48:01,932][fed_main.py][line:40][INFO] idc_factor=1
[2025-03-06 16:48:01,932][fed_main.py][line:40][INFO] inner_loop=1000
[2025-03-06 16:48:01,932][fed_main.py][line:40][INFO] ipc=10
[2025-03-06 16:48:01,932][fed_main.py][line:40][INFO] layer=5
[2025-03-06 16:48:01,932][fed_main.py][line:40][INFO] learn_g=False
[2025-03-06 16:48:01,932][fed_main.py][line:40][INFO] learn_model=False
[2025-03-06 16:48:01,932][fed_main.py][line:40][INFO] load_all=False
[2025-03-06 16:48:01,932][fed_main.py][line:40][INFO] local_rank=0
[2025-03-06 16:48:01,932][fed_main.py][line:40][INFO] logdir=./logged_files
[2025-03-06 16:48:01,936][fed_main.py][line:40][INFO] lr_g=0.001
[2025-03-06 16:48:01,936][fed_main.py][line:40][INFO] lr_img=1000
[2025-03-06 16:48:01,936][fed_main.py][line:40][INFO] lr_lr=1e-05
[2025-03-06 16:48:01,936][fed_main.py][line:40][INFO] lr_net=0.01
[2025-03-06 16:48:01,937][fed_main.py][line:40][INFO] lr_teacher=0.01
[2025-03-06 16:48:01,937][fed_main.py][line:40][INFO] lr_w=1
[2025-03-06 16:48:01,937][fed_main.py][line:40][INFO] max_experts=None
[2025-03-06 16:48:01,937][fed_main.py][line:40][INFO] max_files=None
[2025-03-06 16:48:01,937][fed_main.py][line:40][INFO] max_start_epoch=5
[2025-03-06 16:48:01,937][fed_main.py][line:40][INFO] min_it=False
[2025-03-06 16:48:01,937][fed_main.py][line:40][INFO] model=ConvNet
[2025-03-06 16:48:01,937][fed_main.py][line:40][INFO] mom_img=0.5
[2025-03-06 16:48:01,937][fed_main.py][line:40][INFO] no_aug=False
[2025-03-06 16:48:01,937][fed_main.py][line:40][INFO] not_save_file=False
[2025-03-06 16:48:01,937][fed_main.py][line:40][INFO] num_eval=3
[2025-03-06 16:48:01,937][fed_main.py][line:40][INFO] nworkers=10
[2025-03-06 16:48:01,937][fed_main.py][line:40][INFO] outer_loop=1
[2025-03-06 16:48:01,937][fed_main.py][line:40][INFO] pix_init=noise
[2025-03-06 16:48:01,937][fed_main.py][line:40][INFO] rand_f=False
[2025-03-06 16:48:01,937][fed_main.py][line:40][INFO] rand_gan_con=False
[2025-03-06 16:48:01,937][fed_main.py][line:40][INFO] rand_gan_un=False
[2025-03-06 16:48:01,939][fed_main.py][line:40][INFO] recover=False
[2025-03-06 16:48:01,939][fed_main.py][line:40][INFO] recover_round=5
[2025-03-06 16:48:01,939][fed_main.py][line:40][INFO] reg=1e-05
[2025-03-06 16:48:01,939][fed_main.py][line:40][INFO] res=128
[2025-03-06 16:48:01,939][fed_main.py][line:40][INFO] round=20
[2025-03-06 16:48:01,939][fed_main.py][line:40][INFO] save_all=False
[2025-03-06 16:48:01,939][fed_main.py][line:40][INFO] save_it=None
[2025-03-06 16:48:01,939][fed_main.py][line:40][INFO] save_path=result
[2025-03-06 16:48:01,939][fed_main.py][line:40][INFO] saved_model_dir=./logged_files
[2025-03-06 16:48:01,940][fed_main.py][line:40][INFO] sg_batch=10
[2025-03-06 16:48:01,940][fed_main.py][line:40][INFO] space=wp
[2025-03-06 16:48:01,940][fed_main.py][line:40][INFO] special_gan=None
[2025-03-06 16:48:01,940][fed_main.py][line:40][INFO] syn_steps=20
[2025-03-06 16:48:01,940][fed_main.py][line:40][INFO] update_g_interval=1
[2025-03-06 16:48:01,940][fed_main.py][line:40][INFO] wait_eval=False
[2025-03-06 16:48:01,940][fed_main.py][line:40][INFO] width=128
[2025-03-06 16:48:01,942][fed_main.py][line:41][INFO] fed_main.py --dataset=CIFAR10 --space=wp --layer=5 --data_path=./data --eval_mode CIFAR --beta 0.5 --batch_real 256 --batch_train 256 --batch_test 128 --ipc=10 --nworkers 10 --round 20 --Iteration 100 --Iteration_g 20
[2025-03-06 16:48:01,986][distributed_c10d.py][line:217][INFO] Added key: store_based_barrier_key:1 to store for rank: 0
[2025-03-06 16:48:01,987][distributed_c10d.py][line:251][INFO] Rank 0: Completed store-based barrier for key:store_based_barrier_key:1 with 1 nodes.
[2025-03-06 16:48:20,506][clients.py][line:25][INFO] 0  9 [0 1 3 4 5 6 7 8 9]
[2025-03-06 16:48:20,512][clients.py][line:25][INFO] 1  9 [0 1 2 3 4 5 6 7 9]
[2025-03-06 16:48:20,518][clients.py][line:25][INFO] 2  8 [0 1 2 4 6 7 8 9]
[2025-03-06 16:48:20,525][clients.py][line:25][INFO] 3  10 [0 1 2 3 4 5 6 7 8 9]
[2025-03-06 16:48:20,531][clients.py][line:25][INFO] 4  9 [0 1 2 3 4 5 7 8 9]
[2025-03-06 16:48:20,537][clients.py][line:25][INFO] 5  9 [0 1 2 3 5 6 7 8 9]
[2025-03-06 16:48:20,544][clients.py][line:25][INFO] 6  7 [0 1 2 3 4 5 6]
[2025-03-06 16:48:20,550][clients.py][line:25][INFO] 7  10 [0 1 2 3 4 5 6 7 8 9]
[2025-03-06 16:48:20,557][clients.py][line:25][INFO] 8  8 [1 2 3 4 5 6 7 8]
[2025-03-06 16:48:20,564][clients.py][line:25][INFO] 9  8 [0 1 2 3 5 6 7 8]
[2025-03-06 16:48:23,512][fed_main.py][line:163][INFO] ================================================== Round: 0 ==================================================
[2025-03-06 16:48:23,517][fed_main.py][line:169][INFO] 
Choosing users 0 3 9 4 6 7 2 5 1 8
[2025-03-06 16:48:26,900][distributed.py][line:874][INFO] Reducer buckets have been rebuilt in this iteration.
[2025-03-06 16:48:37,850][distributed.py][line:874][INFO] Reducer buckets have been rebuilt in this iteration.
[2025-03-06 16:48:51,784][distributed.py][line:874][INFO] Reducer buckets have been rebuilt in this iteration.
[2025-03-06 16:49:08,686][distributed.py][line:874][INFO] Reducer buckets have been rebuilt in this iteration.
[2025-03-06 16:49:17,851][distributed.py][line:874][INFO] Reducer buckets have been rebuilt in this iteration.
[2025-03-06 16:49:32,011][distributed.py][line:874][INFO] Reducer buckets have been rebuilt in this iteration.
[2025-03-06 16:49:46,137][distributed.py][line:874][INFO] Reducer buckets have been rebuilt in this iteration.
[2025-03-06 16:49:58,260][distributed.py][line:874][INFO] Reducer buckets have been rebuilt in this iteration.
[2025-03-06 16:50:11,649][distributed.py][line:874][INFO] Reducer buckets have been rebuilt in this iteration.
[2025-03-06 16:50:28,934][distributed.py][line:874][INFO] Reducer buckets have been rebuilt in this iteration.
[2025-03-06 16:50:43,446][fed_main.py][line:185][INFO] fed_main.py --dataset=CIFAR10 --space=wp --layer=5 --data_path=./data --eval_mode CIFAR --beta 0.5 --batch_real 256 --batch_train 256 --batch_test 128 --ipc=10 --nworkers 10 --round 20 --Iteration 100 --Iteration_g 20
[2025-03-06 16:50:43,446][fed_main.py][line:187][INFO] 
Choosing users 0 3 9 4 6 7 2 5 1 8
[2025-03-06 16:50:43,446][fed_main.py][line:188][INFO] ================================================== Client: 0 ==================================================
